<?xml version="1.0" encoding="UTF-8"?>
<testsuite xmlns:xsi="http://www.w3.org/2001/XMLSchema-instance" xsi:noNamespaceSchemaLocation="https://maven.apache.org/surefire/maven-surefire-plugin/xsd/surefire-test-report-3.0.xsd" version="3.0" name="runner.TestRunner" time="6.365" tests="6" errors="0" skipped="0" failures="0">
  <properties>
    <property name="java.specification.version" value="17"/>
    <property name="sun.jnu.encoding" value="UTF-8"/>
    <property name="java.class.path" value="/Users/r0s0q3t/Desktop/CucumberTest/APIAutomation/target/test-classes:/Users/r0s0q3t/Desktop/CucumberTest/APIAutomation/target/classes:/Users/r0s0q3t/.m2/repository/io/cucumber/cucumber-junit/7.20.1/cucumber-junit-7.20.1.jar:/Users/r0s0q3t/.m2/repository/org/apiguardian/apiguardian-api/1.1.2/apiguardian-api-1.1.2.jar:/Users/r0s0q3t/.m2/repository/io/cucumber/cucumber-core/7.20.1/cucumber-core-7.20.1.jar:/Users/r0s0q3t/.m2/repository/io/cucumber/cucumber-gherkin/7.20.1/cucumber-gherkin-7.20.1.jar:/Users/r0s0q3t/.m2/repository/io/cucumber/cucumber-gherkin-messages/7.20.1/cucumber-gherkin-messages-7.20.1.jar:/Users/r0s0q3t/.m2/repository/io/cucumber/gherkin/28.0.0/gherkin-28.0.0.jar:/Users/r0s0q3t/.m2/repository/io/cucumber/messages/24.1.0/messages-24.1.0.jar:/Users/r0s0q3t/.m2/repository/io/cucumber/testng-xml-formatter/0.2.0/testng-xml-formatter-0.2.0.jar:/Users/r0s0q3t/.m2/repository/io/cucumber/query/12.2.0/query-12.2.0.jar:/Users/r0s0q3t/.m2/repository/io/cucumber/tag-expressions/6.1.0/tag-expressions-6.1.0.jar:/Users/r0s0q3t/.m2/repository/io/cucumber/cucumber-expressions/17.1.0/cucumber-expressions-17.1.0.jar:/Users/r0s0q3t/.m2/repository/io/cucumber/datatable/7.20.1/datatable-7.20.1.jar:/Users/r0s0q3t/.m2/repository/io/cucumber/cucumber-plugin/7.20.1/cucumber-plugin-7.20.1.jar:/Users/r0s0q3t/.m2/repository/io/cucumber/docstring/7.20.1/docstring-7.20.1.jar:/Users/r0s0q3t/.m2/repository/io/cucumber/html-formatter/21.7.0/html-formatter-21.7.0.jar:/Users/r0s0q3t/.m2/repository/io/cucumber/junit-xml-formatter/0.5.0/junit-xml-formatter-0.5.0.jar:/Users/r0s0q3t/.m2/repository/io/cucumber/ci-environment/10.0.1/ci-environment-10.0.1.jar:/Users/r0s0q3t/.m2/repository/io/cucumber/cucumber-java/7.21.0/cucumber-java-7.21.0.jar:/Users/r0s0q3t/.m2/repository/io/rest-assured/rest-assured/5.5.0/rest-assured-5.5.0.jar:/Users/r0s0q3t/.m2/repository/org/apache/groovy/groovy/4.0.22/groovy-4.0.22.jar:/Users/r0s0q3t/.m2/repository/org/apache/groovy/groovy-xml/4.0.22/groovy-xml-4.0.22.jar:/Users/r0s0q3t/.m2/repository/org/apache/httpcomponents/httpclient/4.5.13/httpclient-4.5.13.jar:/Users/r0s0q3t/.m2/repository/org/apache/httpcomponents/httpcore/4.4.13/httpcore-4.4.13.jar:/Users/r0s0q3t/.m2/repository/commons-logging/commons-logging/1.2/commons-logging-1.2.jar:/Users/r0s0q3t/.m2/repository/commons-codec/commons-codec/1.11/commons-codec-1.11.jar:/Users/r0s0q3t/.m2/repository/org/apache/httpcomponents/httpmime/4.5.13/httpmime-4.5.13.jar:/Users/r0s0q3t/.m2/repository/org/hamcrest/hamcrest/2.2/hamcrest-2.2.jar:/Users/r0s0q3t/.m2/repository/org/ccil/cowan/tagsoup/tagsoup/1.2.1/tagsoup-1.2.1.jar:/Users/r0s0q3t/.m2/repository/io/rest-assured/json-path/5.5.0/json-path-5.5.0.jar:/Users/r0s0q3t/.m2/repository/org/apache/groovy/groovy-json/4.0.22/groovy-json-4.0.22.jar:/Users/r0s0q3t/.m2/repository/io/rest-assured/rest-assured-common/5.5.0/rest-assured-common-5.5.0.jar:/Users/r0s0q3t/.m2/repository/io/rest-assured/xml-path/5.5.0/xml-path-5.5.0.jar:/Users/r0s0q3t/.m2/repository/org/apache/commons/commons-lang3/3.11/commons-lang3-3.11.jar:/Users/r0s0q3t/.m2/repository/junit/junit/4.13.2/junit-4.13.2.jar:/Users/r0s0q3t/.m2/repository/org/hamcrest/hamcrest-core/1.3/hamcrest-core-1.3.jar:/Users/r0s0q3t/.m2/repository/com/googlecode/json-simple/json-simple/1.1.1/json-simple-1.1.1.jar:"/>
    <property name="java.vm.vendor" value="Azul Systems, Inc."/>
    <property name="sun.arch.data.model" value="64"/>
    <property name="java.vendor.url" value="http://www.azul.com/"/>
    <property name="os.name" value="Mac OS X"/>
    <property name="java.vm.specification.version" value="17"/>
    <property name="sun.java.launcher" value="SUN_STANDARD"/>
    <property name="user.country" value="US"/>
    <property name="sun.boot.library.path" value="/Library/Java/JavaVirtualMachines/zulu-17.jdk/Contents/Home/lib"/>
    <property name="sun.java.command" value="/Users/r0s0q3t/Desktop/CucumberTest/APIAutomation/target/surefire/surefirebooter-20250204160912053_3.jar /Users/r0s0q3t/Desktop/CucumberTest/APIAutomation/target/surefire 2025-02-04T16-09-11_995-jvmRun1 surefire-20250204160912053_1tmp surefire_0-20250204160912053_2tmp"/>
    <property name="http.nonProxyHosts" value="local|*.local|169.254/16|*.169.254/16"/>
    <property name="jdk.debug" value="release"/>
    <property name="surefire.test.class.path" value="/Users/r0s0q3t/Desktop/CucumberTest/APIAutomation/target/test-classes:/Users/r0s0q3t/Desktop/CucumberTest/APIAutomation/target/classes:/Users/r0s0q3t/.m2/repository/io/cucumber/cucumber-junit/7.20.1/cucumber-junit-7.20.1.jar:/Users/r0s0q3t/.m2/repository/org/apiguardian/apiguardian-api/1.1.2/apiguardian-api-1.1.2.jar:/Users/r0s0q3t/.m2/repository/io/cucumber/cucumber-core/7.20.1/cucumber-core-7.20.1.jar:/Users/r0s0q3t/.m2/repository/io/cucumber/cucumber-gherkin/7.20.1/cucumber-gherkin-7.20.1.jar:/Users/r0s0q3t/.m2/repository/io/cucumber/cucumber-gherkin-messages/7.20.1/cucumber-gherkin-messages-7.20.1.jar:/Users/r0s0q3t/.m2/repository/io/cucumber/gherkin/28.0.0/gherkin-28.0.0.jar:/Users/r0s0q3t/.m2/repository/io/cucumber/messages/24.1.0/messages-24.1.0.jar:/Users/r0s0q3t/.m2/repository/io/cucumber/testng-xml-formatter/0.2.0/testng-xml-formatter-0.2.0.jar:/Users/r0s0q3t/.m2/repository/io/cucumber/query/12.2.0/query-12.2.0.jar:/Users/r0s0q3t/.m2/repository/io/cucumber/tag-expressions/6.1.0/tag-expressions-6.1.0.jar:/Users/r0s0q3t/.m2/repository/io/cucumber/cucumber-expressions/17.1.0/cucumber-expressions-17.1.0.jar:/Users/r0s0q3t/.m2/repository/io/cucumber/datatable/7.20.1/datatable-7.20.1.jar:/Users/r0s0q3t/.m2/repository/io/cucumber/cucumber-plugin/7.20.1/cucumber-plugin-7.20.1.jar:/Users/r0s0q3t/.m2/repository/io/cucumber/docstring/7.20.1/docstring-7.20.1.jar:/Users/r0s0q3t/.m2/repository/io/cucumber/html-formatter/21.7.0/html-formatter-21.7.0.jar:/Users/r0s0q3t/.m2/repository/io/cucumber/junit-xml-formatter/0.5.0/junit-xml-formatter-0.5.0.jar:/Users/r0s0q3t/.m2/repository/io/cucumber/ci-environment/10.0.1/ci-environment-10.0.1.jar:/Users/r0s0q3t/.m2/repository/io/cucumber/cucumber-java/7.21.0/cucumber-java-7.21.0.jar:/Users/r0s0q3t/.m2/repository/io/rest-assured/rest-assured/5.5.0/rest-assured-5.5.0.jar:/Users/r0s0q3t/.m2/repository/org/apache/groovy/groovy/4.0.22/groovy-4.0.22.jar:/Users/r0s0q3t/.m2/repository/org/apache/groovy/groovy-xml/4.0.22/groovy-xml-4.0.22.jar:/Users/r0s0q3t/.m2/repository/org/apache/httpcomponents/httpclient/4.5.13/httpclient-4.5.13.jar:/Users/r0s0q3t/.m2/repository/org/apache/httpcomponents/httpcore/4.4.13/httpcore-4.4.13.jar:/Users/r0s0q3t/.m2/repository/commons-logging/commons-logging/1.2/commons-logging-1.2.jar:/Users/r0s0q3t/.m2/repository/commons-codec/commons-codec/1.11/commons-codec-1.11.jar:/Users/r0s0q3t/.m2/repository/org/apache/httpcomponents/httpmime/4.5.13/httpmime-4.5.13.jar:/Users/r0s0q3t/.m2/repository/org/hamcrest/hamcrest/2.2/hamcrest-2.2.jar:/Users/r0s0q3t/.m2/repository/org/ccil/cowan/tagsoup/tagsoup/1.2.1/tagsoup-1.2.1.jar:/Users/r0s0q3t/.m2/repository/io/rest-assured/json-path/5.5.0/json-path-5.5.0.jar:/Users/r0s0q3t/.m2/repository/org/apache/groovy/groovy-json/4.0.22/groovy-json-4.0.22.jar:/Users/r0s0q3t/.m2/repository/io/rest-assured/rest-assured-common/5.5.0/rest-assured-common-5.5.0.jar:/Users/r0s0q3t/.m2/repository/io/rest-assured/xml-path/5.5.0/xml-path-5.5.0.jar:/Users/r0s0q3t/.m2/repository/org/apache/commons/commons-lang3/3.11/commons-lang3-3.11.jar:/Users/r0s0q3t/.m2/repository/junit/junit/4.13.2/junit-4.13.2.jar:/Users/r0s0q3t/.m2/repository/org/hamcrest/hamcrest-core/1.3/hamcrest-core-1.3.jar:/Users/r0s0q3t/.m2/repository/com/googlecode/json-simple/json-simple/1.1.1/json-simple-1.1.1.jar:"/>
    <property name="sun.cpu.endian" value="little"/>
    <property name="user.home" value="/Users/r0s0q3t"/>
    <property name="user.language" value="en"/>
    <property name="java.specification.vendor" value="Oracle Corporation"/>
    <property name="java.version.date" value="2025-01-21"/>
    <property name="java.home" value="/Library/Java/JavaVirtualMachines/zulu-17.jdk/Contents/Home"/>
    <property name="file.separator" value="/"/>
    <property name="basedir" value="/Users/r0s0q3t/Desktop/CucumberTest/APIAutomation"/>
    <property name="java.vm.compressedOopsMode" value="Zero based"/>
    <property name="line.separator" value="&#10;"/>
    <property name="java.specification.name" value="Java Platform API Specification"/>
    <property name="java.vm.specification.vendor" value="Oracle Corporation"/>
    <property name="surefire.real.class.path" value="/Users/r0s0q3t/Desktop/CucumberTest/APIAutomation/target/surefire/surefirebooter-20250204160912053_3.jar"/>
    <property name="sun.management.compiler" value="HotSpot 64-Bit Tiered Compilers"/>
    <property name="ftp.nonProxyHosts" value="local|*.local|169.254/16|*.169.254/16"/>
    <property name="java.runtime.version" value="17.0.14+7-LTS"/>
    <property name="user.name" value="r0s0q3t"/>
    <property name="path.separator" value=":"/>
    <property name="os.version" value="14.7.2"/>
    <property name="java.runtime.name" value="OpenJDK Runtime Environment"/>
    <property name="file.encoding" value="UTF-8"/>
    <property name="java.vm.name" value="OpenJDK 64-Bit Server VM"/>
    <property name="java.vendor.version" value="Zulu17.56+15-CA"/>
    <property name="localRepository" value="/Users/r0s0q3t/.m2/repository"/>
    <property name="java.vendor.url.bug" value="http://www.azul.com/support/"/>
    <property name="java.io.tmpdir" value="/var/folders/s3/fcbhvpwd4zxgzr27p4l0r5y00000gp/T/"/>
    <property name="java.version" value="17.0.14"/>
    <property name="user.dir" value="/Users/r0s0q3t/Desktop/CucumberTest/APIAutomation"/>
    <property name="os.arch" value="aarch64"/>
    <property name="java.vm.specification.name" value="Java Virtual Machine Specification"/>
    <property name="native.encoding" value="UTF-8"/>
    <property name="java.library.path" value="/Users/r0s0q3t/Library/Java/Extensions:/Library/Java/Extensions:/Network/Library/Java/Extensions:/System/Library/Java/Extensions:/usr/lib/java:."/>
    <property name="java.vm.info" value="mixed mode, sharing"/>
    <property name="java.vendor" value="Azul Systems, Inc."/>
    <property name="java.vm.version" value="17.0.14+7-LTS"/>
    <property name="java.specification.maintenance.version" value="1"/>
    <property name="sun.io.unicode.encoding" value="UnicodeBig"/>
    <property name="socksNonProxyHosts" value="local|*.local|169.254/16|*.169.254/16"/>
    <property name="java.class.version" value="61.0"/>
  </properties>
  <testcase name="Validate if DELETE product API status code works correctly" classname="Delete product using DELETE API" time="1.316">
    <system-out><![CDATA[
Scenario Outline: Validate if DELETE product API status code works correctly &amp#27;[90m# src/test/java/features/DeleteProduct.feature:9&amp#27;[0m
  &amp#27;[32mGiven &amp#27;[0m&amp#27;[32mI hit the url of delete products api endpoint&amp#27;[0m                        &amp#27;[90m# stepdefinitions.Products.iHitTheUrlOfDeleteProductsApiEndpoint()&amp#27;[0m
200
{"id":7,"title":"White Gold Plated Princess","price":9.99,"description":"Classic Created Wedding Engagement Solitaire Diamond Promise Ring for Her. Gifts to spoil your love more for Engagement, Wedding, Anniversary, Valentine's Day...","category":"jewelery","image":"https://fakestoreapi.com/img/71YAIFU48IL._AC_UL640_QL65_ML3_.jpg","rating":{"rate":3,"count":400}}
DELETE successful.

  &amp#27;[32mWhen &amp#27;[0m&amp#27;[32mI pass the url of products in the delete request with &amp#27;[0m&amp#27;[32m&amp#27;[1m7&amp#27;[0m               &amp#27;[90m# stepdefinitions.Products.iPassTheUrlOfProductsInTheDeleteRequestWithProductNumber(int)&amp#27;[0m
  &amp#27;[32mThen &amp#27;[0m&amp#27;[32mI receive the response code as &amp#27;[0m&amp#27;[32m&amp#27;[1m200&amp#27;[0m                                    &amp#27;[90m# stepdefinitions.Products.i_receive_the_response_code_as(int)&amp#27;[0m
]]></system-out>
  </testcase>
  <testcase name="Verify the get api for the products" classname="Get all products from the api" time="0.942">
    <system-out><![CDATA[
Scenario: Verify the get api for the products      &amp#27;[90m# src/test/java/features/GetProducts.feature:3&amp#27;[0m
  &amp#27;[32mGiven &amp#27;[0m&amp#27;[32mI hit the url of get products api endpoint&amp#27;[0m &amp#27;[90m# stepdefinitions.Products.i_hit_the_url_of_get_products_api_endpoint()&amp#27;[0m
  &amp#27;[32mWhen &amp#27;[0m&amp#27;[32mI pass the url of products in the request&amp#27;[0m   &amp#27;[90m# stepdefinitions.Products.i_pass_the_url_of_products_in_the_request()&amp#27;[0m
  &amp#27;[32mThen &amp#27;[0m&amp#27;[32mI receive the response code as &amp#27;[0m&amp#27;[32m&amp#27;[1m200&amp#27;[0m          &amp#27;[90m# stepdefinitions.Products.i_receive_the_response_code_as(int)&amp#27;[0m
]]></system-out>
  </testcase>
  <testcase name="Verify the rate of the first product is correct" classname="Get all products from the api" time="1.186">
    <system-out><![CDATA[
Scenario Outline: Verify the rate of the first product is correct &amp#27;[90m# src/test/java/features/GetProducts.feature:14&amp#27;[0m
  &amp#27;[32mGiven &amp#27;[0m&amp#27;[32mI hit the url of get products api endpoint&amp#27;[0m                &amp#27;[90m# stepdefinitions.Products.i_hit_the_url_of_get_products_api_endpoint()&amp#27;[0m
  &amp#27;[32mWhen &amp#27;[0m&amp#27;[32mI pass the url of products in the request&amp#27;[0m                  &amp#27;[90m# stepdefinitions.Products.i_pass_the_url_of_products_in_the_request()&amp#27;[0m
Rate = 3.9
GET successful.

  &amp#27;[32mThen &amp#27;[0m&amp#27;[32mI verify that the rate of the first product is &amp#27;[0m&amp#27;[32m&amp#27;[1m3.9&amp#27;[0m         &amp#27;[90m# stepdefinitions.Products.iVerifyThatTheRateOfTheFirstProductIsRate(java.lang.String)&amp#27;[0m
]]></system-out>
  </testcase>
  <testcase name="Validate if POST product API status code works correctly" classname="Insert product using POST API" time="1.055">
    <system-out><![CDATA[
Scenario Outline: Validate if POST product API status code works correctly &amp#27;[90m# src/test/java/features/InsertProduct.feature:10&amp#27;[0m
  &amp#27;[32mGiven &amp#27;[0m&amp#27;[32mI hit the url of post products api endpoint&amp#27;[0m                        &amp#27;[90m# stepdefinitions.Products.iHitTheUrlOfPostProductsApiEndpoint()&amp#27;[0m
  &amp#27;[32mWhen &amp#27;[0m&amp#27;[32mI pass the url of products in the request&amp#27;[0m                           &amp#27;[90m# stepdefinitions.Products.i_pass_the_url_of_products_in_the_request()&amp#27;[0m
200
{"id":21}
POST successful.

  &amp#27;[32mAnd &amp#27;[0m&amp#27;[32mI pass the request body of product title &amp#27;[0m&amp#27;[32m&amp#27;[1mShoes&amp#27;[0m                       &amp#27;[90m# stepdefinitions.Products.iPassTheRequestBodyOfProductTitleProductTitle(java.lang.String)&amp#27;[0m
  &amp#27;[32mThen &amp#27;[0m&amp#27;[32mI receive the response code as &amp#27;[0m&amp#27;[32m&amp#27;[1m200&amp#27;[0m                                  &amp#27;[90m# stepdefinitions.Products.i_receive_the_response_code_as(int)&amp#27;[0m
]]></system-out>
  </testcase>
  <testcase name="Validate if POST product API response works correctly" classname="Insert product using POST API" time="1.083">
    <system-out><![CDATA[
Scenario Outline: Validate if POST product API response works correctly &amp#27;[90m# src/test/java/features/InsertProduct.feature:19&amp#27;[0m
  &amp#27;[32mGiven &amp#27;[0m&amp#27;[32mI hit the url of post products api endpoint&amp#27;[0m                     &amp#27;[90m# stepdefinitions.Products.iHitTheUrlOfPostProductsApiEndpoint()&amp#27;[0m
  &amp#27;[32mWhen &amp#27;[0m&amp#27;[32mI pass the url of products in the request&amp#27;[0m                        &amp#27;[90m# stepdefinitions.Products.i_pass_the_url_of_products_in_the_request()&amp#27;[0m
200
{"id":21}
POST successful.

  &amp#27;[32mAnd &amp#27;[0m&amp#27;[32mI pass the request body of product title &amp#27;[0m&amp#27;[32m&amp#27;[1mShoes&amp#27;[0m                    &amp#27;[90m# stepdefinitions.Products.iPassTheRequestBodyOfProductTitleProductTitle(java.lang.String)&amp#27;[0m
  &amp#27;[32mThen &amp#27;[0m&amp#27;[32mI receive the response body with id as &amp#27;[0m&amp#27;[32m&amp#27;[1m21&amp#27;[0m                        &amp#27;[90m# stepdefinitions.Products.iReceiveTheResponseBodyWithIdAsId(java.lang.String)&amp#27;[0m
]]></system-out>
  </testcase>
  <testcase name="Validate if PUT product API status code works correctly" classname="Update product using PUT API" time="0.528">
    <system-out><![CDATA[
Scenario Outline: Validate if PUT product API status code works correctly &amp#27;[90m# src/test/java/features/UpdateProduct.feature:9&amp#27;[0m
  &amp#27;[32mGiven &amp#27;[0m&amp#27;[32mI hit the url of post products api endpoint&amp#27;[0m                       &amp#27;[90m# stepdefinitions.Products.iHitTheUrlOfPostProductsApiEndpoint()&amp#27;[0m
200
{"id":7}
PUT successful.

  &amp#27;[32mWhen &amp#27;[0m&amp#27;[32mI pass the url of products in the request with &amp#27;[0m&amp#27;[32m&amp#27;[1m7&amp#27;[0m                   &amp#27;[90m# stepdefinitions.Products.iPassTheUrlOfProductsInTheRequestWithProductNumber(int)&amp#27;[0m
  &amp#27;[32mThen &amp#27;[0m&amp#27;[32mI receive the response code as &amp#27;[0m&amp#27;[32m&amp#27;[1m200&amp#27;[0m                                 &amp#27;[90m# stepdefinitions.Products.i_receive_the_response_code_as(int)&amp#27;[0m
]]></system-out>
  </testcase>
</testsuite>